2026-04-07 10:02:34,340 [ERROR] LogOutputStream:75 - [STDERR_REDIRECT] Exception in thread "SWV client thread" java.lang.NullPointerException: Cannot invoke "com.st.stm32cube.ide.mcu.debug.swv.core.SWVPlugin.isDebugging()" because "com.st.stm32cube.ide.mcu.debug.swv.core.SWVPlugin.plugin" is null
2026-04-07 10:02:34,343 [ERROR] LogOutputStream:75 - [STDERR_REDIRECT] 	at com.st.stm32cube.ide.mcu.debug.swv.core.SWVPlugin.debugTrace(SWVPlugin.java:85)
2026-04-07 10:02:34,343 [ERROR] LogOutputStream:75 - [STDERR_REDIRECT] 	at com.st.stm32cube.ide.mcu.debug.swv.core.SWVClient.TRACE(SWVClient.java:768)
2026-04-07 10:02:34,343 [ERROR] LogOutputStream:75 - [STDERR_REDIRECT] 	at com.st.stm32cube.ide.mcu.debug.swv.core.SWVClient.readByte(SWVClient.java:296)
2026-04-07 10:02:34,344 [ERROR] LogOutputStream:75 - [STDERR_REDIRECT] 	at com.st.stm32cube.ide.mcu.debug.swv.core.SWVClient.getNextByte(SWVClient.java:277)
2026-04-07 10:02:34,344 [ERROR] LogOutputStream:75 - [STDERR_REDIRECT] 	at com.st.stm32cube.ide.mcu.debug.swv.core.SWVClient.run(SWVClient.java:313)
2026-04-07 10:02:41,991 [INFO] Activator:176 - 


2026-04-07 10:02:41,992 [INFO] Activator:177 - !SESSION log4j initialized
2026-04-07 10:02:45,103 [INFO] LogOutputStream:77 - [STDOUT_REDIRECT] 
2026-04-07 10:06:11,544 [INFO] Activator:176 - 


2026-04-07 10:06:11,546 [INFO] Activator:177 - !SESSION log4j initialized
2026-04-07 10:06:14,115 [INFO] LogOutputStream:77 - [STDOUT_REDIRECT] 
2026-04-07 10:16:27,802 [INFO] Activator:176 - 


2026-04-07 10:16:27,803 [INFO] Activator:177 - !SESSION log4j initialized
2026-04-07 10:16:30,483 [INFO] LogOutputStream:77 - [STDOUT_REDIRECT] 
2026-04-07 13:52:44,942 [INFO] LogOutputStream:77 - [STDOUT_REDIRECT] StartTraceHandler.execute(), success : Collect=true
2026-04-07 13:56:07,301 [ERROR] ConfigurationRetriever:142 - IOException on connection: Read timed out
2026-04-07 14:01:52,386 [ERROR] ConfigurationRetriever:142 - IOException on connection: Connect timed out
2026-04-07 14:01:58,366 [INFO] LogOutputStream:77 - [STDOUT_REDIRECT] StartTraceHandler.execute(), success : Collect=false
2026-04-07 14:02:02,955 [INFO] LogOutputStream:77 - [STDOUT_REDIRECT] StartTraceHandler.execute(), success : Collect=true
2026-04-07 14:02:04,799 [INFO] LogOutputStream:77 - [STDOUT_REDIRECT] StartTraceHandler.execute(), success : Collect=false
2026-04-07 14:02:56,503 [INFO] LogOutputStream:77 - [STDOUT_REDIRECT] StartTraceHandler.execute(), success : Collect=true
2026-04-07 14:02:57,695 [INFO] LogOutputStream:77 - [STDOUT_REDIRECT] StartTraceHandler.execute(), success : Collect=false
2026-04-07 14:03:02,858 [INFO] LogOutputStream:77 - [STDOUT_REDIRECT] StartTraceHandler.execute(), success : Collect=true
